2025-09-01 17:29:04 | 09423424242 | Hello wrwfwffw, your document 'Certificate of Grades' has been Approved. | {"apikey":["The selected apikey is invalid."]}
2025-09-01 17:29:05 | 09423424242 | Hello wrwfwffw, your document 'Certificate of Registration' has been Approved. | {"apikey":["The selected apikey is invalid."]}
2025-09-01 17:29:05 | 09423424242 | Hello wrwfwffw, your document 'Student ID' has been Approved. | {"apikey":["The selected apikey is invalid."]}
2025-09-02 15:44:58 | 09423424242 | Hello wensel, your document 'Certificate of Grades' has been Approved. | {"apikey":["The selected apikey is invalid."]}
2025-09-02 15:45:06 | 09423424242 | Hello wensel, your document 'Certificate of Grades' has been Approved. | {"apikey":["The selected apikey is invalid."]}
2025-09-02 15:45:10 | 09423424242 | Hello wensel, your document 'Certificate of Grades' has been Approved. | {"apikey":["The selected apikey is invalid."]}
2025-09-02 16:16:09 | 09423424242 | Hello wensel, your document 'Certificate of Grades' has been Rejected. | {"apikey":["The selected apikey is invalid."]}
2025-09-02 16:16:10 | 09423424242 | Hello wensel, your document 'Certificate of Registration' has been Rejected. | {"apikey":["The selected apikey is invalid."]}
2025-09-02 16:16:10 | 09423424242 | Hello wensel, your document 'Student ID' has been Rejected. | {"apikey":["The selected apikey is invalid."]}
2025-09-02 16:44:10 | 09423424242 | Hello wensel, your document 'Student ID' has been Approved. | {"apikey":["The selected apikey is invalid."]}
2025-09-02 16:44:13 | 09423424242 | Hello wensel, your document 'Certificate of Grades' has been Rejected. | {"apikey":["The selected apikey is invalid."]}
2025-09-19 12:07:22 | 09051781787 | Hello Carlos Antonio, your document 'Certificate of Grades' has been Approved. | {"apikey":["The selected apikey is invalid."]}
2025-09-30 05:28:23 | 09660855226 | Hello Kurt Aces, your document 'Certificate of Grades' has been Approved. | {"apikey":["The selected apikey is invalid."]}
2025-09-30 05:28:23 | 09660855226 | Hello Kurt Aces, your document 'Student ID' has been Approved. | {"apikey":["The selected apikey is invalid."]}
2025-09-30 05:28:23 | 09660855226 | Hello Kurt Aces, your document 'Certificate of Registration' has been Approved. | {"apikey":["The selected apikey is invalid."]}
2025-09-30 13:56:20 | 09050491760 | Hello Lexy Ann, your document 'Student ID' has been Approved. | {"apikey":["The selected apikey is invalid."]}
2025-09-30 13:56:22 | 09050491760 | Hello Lexy Ann, your document 'Certificate of Registration' has been Approved. | {"apikey":["The selected apikey is invalid."]}
2025-09-30 13:56:26 | 09050491760 | Hello Lexy Ann, your document 'Certificate of Grades' has been Approved. | {"apikey":["The selected apikey is invalid."]}
2025-09-30 13:58:38 | 09977339644 | Hello Marie Thony, your document 'Certificate of Registration' has been Approved. | {"apikey":["The selected apikey is invalid."]}
2025-09-30 13:58:39 | 09977339644 | Hello Marie Thony, your document 'Certificate of Registration' has been Approved. | {"apikey":["The selected apikey is invalid."]}
2025-09-30 13:58:41 | 09977339644 | Hello Marie Thony, your document 'Student ID' has been Approved. | {"apikey":["The selected apikey is invalid."]}
2025-09-30 13:59:44 | 09977339644 | Hello Marie Thony, your document 'Certificate of Grades' has been Approved. | {"apikey":["The selected apikey is invalid."]}
2025-09-30 14:00:11 | 09261704911 | Hello Angela, your document 'Student ID' has been Approved. | {"apikey":["The selected apikey is invalid."]}
2025-09-30 14:00:13 | 09261704911 | Hello Angela, your document 'Certificate of Grades' has been Approved. | {"apikey":["The selected apikey is invalid."]}
2025-09-30 14:00:15 | 09261704911 | Hello Angela, your document 'Certificate of Registration' has been Approved. | {"apikey":["The selected apikey is invalid."]}
2025-09-30 14:00:54 | 09980521873 | Hello Angeline, your document 'Student ID' has been Approved. | {"apikey":["The selected apikey is invalid."]}
2025-09-30 14:00:56 | 09980521873 | Hello Angeline, your document 'Certificate of Grades' has been Approved. | {"apikey":["The selected apikey is invalid."]}
2025-09-30 14:01:22 | 09553317785 | Hello Ma. Andrei, your document 'Certificate of Registration' has been Approved. | {"apikey":["The selected apikey is invalid."]}
2025-09-30 14:01:31 | 09980521873 | Hello Angeline, your document 'Certificate of Registration' has been Approved. | {"apikey":["The selected apikey is invalid."]}
2025-09-30 14:01:44 | 09473688676 | Hello Franz Mariella, your document 'Certificate of Registration' has been Approved. | {"apikey":["The selected apikey is invalid."]}
2025-09-30 14:01:57 | 09919199126 | Hello Kyla Marie, your document 'Certificate of Registration' has been Approved. | {"apikey":["The selected apikey is invalid."]}
2025-09-30 14:02:14 | 09392600767 | Hello Yahnzel, your document 'Student ID' has been Approved. | {"apikey":["The selected apikey is invalid."]}
2025-09-30 14:02:25 | 09392600767 | Hello Yahnzel, your document 'Certificate of Registration' has been Approved. | {"apikey":["The selected apikey is invalid."]}
2025-09-30 14:02:31 | 09392600767 | Hello Yahnzel, your document 'Certificate of Grades' has been Approved. | {"apikey":["The selected apikey is invalid."]}
2025-09-30 14:07:07 | 09911262327 | Hello Angelica, your document 'Student ID' has been Approved. | {"apikey":["The selected apikey is invalid."]}
2025-09-30 14:07:09 | 09911262327 | Hello Angelica, your document 'Certificate of Registration' has been Approved. | {"apikey":["The selected apikey is invalid."]}
2025-09-30 14:07:11 | 09911262327 | Hello Angelica, your document 'Certificate of Grades' has been Approved. | {"apikey":["The selected apikey is invalid."]}
2025-09-30 14:07:44 | 09350040414 | Hello Kyla, your document 'Student ID' has been Approved. | {"apikey":["The selected apikey is invalid."]}
2025-09-30 14:07:46 | 09350040414 | Hello Kyla, your document 'Certificate of Registration' has been Approved. | {"apikey":["The selected apikey is invalid."]}
2025-09-30 14:08:00 | 09350040414 | Hello Kyla, your document 'Certificate of Grades' has been Approved. | {"apikey":["The selected apikey is invalid."]}
2025-09-30 14:08:16 | 09910612552 | Hello Charmaine, your document 'Certificate of Grades' has been Approved. | {"apikey":["The selected apikey is invalid."]}
2025-09-30 14:08:18 | 09910612552 | Hello Charmaine, your document 'Certificate of Registration' has been Approved. | {"apikey":["The selected apikey is invalid."]}
2025-09-30 14:08:20 | 09910612552 | Hello Charmaine, your document 'Student ID' has been Approved. | {"apikey":["The selected apikey is invalid."]}
2025-09-30 14:08:54 | 09167969513 | Hello Charlize Joan, your document 'Student ID' has been Approved. | {"apikey":["The selected apikey is invalid."]}
2025-09-30 14:09:01 | 09167969513 | Hello Charlize Joan, your document 'Certificate of Grades' has been Approved. | {"apikey":["The selected apikey is invalid."]}
2025-09-30 14:09:08 | 09167969513 | Hello Charlize Joan, your document 'Certificate of Registration' has been Approved. | {"apikey":["The selected apikey is invalid."]}
2025-09-30 14:10:39 | 09811714455 | Hello Kaye Airelle, your document 'Certificate of Grades' has been Approved. | {"apikey":["The selected apikey is invalid."]}
2025-09-30 14:10:41 | 09067019152 | Hello Kristine Joy, your document 'Student ID' has been Approved. | {"apikey":["The selected apikey is invalid."]}
2025-09-30 14:10:43 | 09067019152 | Hello Kristine Joy, your document 'Certificate of Registration' has been Approved. | {"apikey":["The selected apikey is invalid."]}
2025-09-30 14:10:44 | 09067019152 | Hello Kristine Joy, your document 'Certificate of Grades' has been Approved. | {"apikey":["The selected apikey is invalid."]}
2025-09-30 14:10:45 | 09125792898 | Hello Ryan Joseph, your document 'Certificate of Grades' has been Approved. | {"apikey":["The selected apikey is invalid."]}
2025-09-30 14:11:42 | 09205602571 | Hello Stephanie, your document 'Certificate of Grades' has been Approved. | {"apikey":["The selected apikey is invalid."]}
2025-09-30 14:11:44 | 09205602571 | Hello Stephanie, your document 'Certificate of Registration' has been Approved. | {"apikey":["The selected apikey is invalid."]}
2025-09-30 14:11:46 | 09205602571 | Hello Stephanie, your document 'Student ID' has been Approved. | {"apikey":["The selected apikey is invalid."]}
2025-09-30 14:11:58 | 09067033958 | Hello Ericka, your document 'Certificate of Grades' has been Approved. | {"apikey":["The selected apikey is invalid."]}
2025-09-30 14:12:06 | 09926298530 | Hello Crisalyn, your document 'Student ID' has been Approved. | {"apikey":["The selected apikey is invalid."]}
2025-09-30 14:12:19 | 09067033958 | Hello Ericka, your document 'Certificate of Registration' has been Approved. | {"apikey":["The selected apikey is invalid."]}
2025-09-30 14:12:35 | 09360968183 | Hello Daniella Erica, your document 'Student ID' has been Approved. | {"apikey":["The selected apikey is invalid."]}
2025-09-30 14:12:42 | 09360968183 | Hello Daniella Erica, your document 'Certificate of Registration' has been Approved. | {"apikey":["The selected apikey is invalid."]}
2025-09-30 14:12:54 | 09360968183 | Hello Daniella Erica, your document 'Certificate of Grades' has been Approved. | {"apikey":["The selected apikey is invalid."]}
2025-09-30 14:13:10 | 09125792898 | Hello Ryan Joseph, your document 'Certificate of Registration' has been Approved. | {"apikey":["The selected apikey is invalid."]}
2025-09-30 14:13:12 | 09125792898 | Hello Ryan Joseph, your document 'Student ID' has been Approved. | {"apikey":["The selected apikey is invalid."]}
2025-09-30 14:14:35 | 09553317785 | Hello Ma. Andrei, your document 'Certificate of Grades' has been Approved. | {"apikey":["The selected apikey is invalid."]}
2025-09-30 14:14:44 | 09473688676 | Hello Franz Mariella, your document 'Student ID' has been Approved. | {"apikey":["The selected apikey is invalid."]}
2025-09-30 14:14:51 | 09657732512 | Hello Angela, your document 'Student ID' has been Approved. | {"apikey":["The selected apikey is invalid."]}
2025-09-30 14:14:59 | 09657732512 | Hello Angela, your document 'Certificate of Registration' has been Approved. | {"apikey":["The selected apikey is invalid."]}
2025-09-30 14:15:06 | 09553317785 | Hello Ma. Andrei, your document 'Student ID' has been Approved. | {"apikey":["The selected apikey is invalid."]}
2025-09-30 14:15:17 | 09197716426 | Hello Antonette, your document 'Certificate of Registration' has been Approved. | {"apikey":["The selected apikey is invalid."]}
2025-09-30 14:15:29 | 09931809042 | Hello Marilou, your document 'Student ID' has been Approved. | {"apikey":["The selected apikey is invalid."]}
2025-09-30 14:15:37 | 09931809042 | Hello Marilou, your document 'Certificate of Registration' has been Approved. | {"apikey":["The selected apikey is invalid."]}
2025-09-30 14:15:44 | 09931809042 | Hello Marilou, your document 'Certificate of Grades' has been Approved. | {"apikey":["The selected apikey is invalid."]}
2025-09-30 14:15:49 | 09067033958 | Hello Ericka, your document 'Student ID' has been Approved. | {"apikey":["The selected apikey is invalid."]}
2025-09-30 14:15:58 | 09926298530 | Hello Crisalyn, your document 'Certificate of Registration' has been Approved. | {"apikey":["The selected apikey is invalid."]}
2025-09-30 14:16:04 | 09926298530 | Hello Crisalyn, your document 'Certificate of Grades' has been Approved. | {"apikey":["The selected apikey is invalid."]}
2025-09-30 14:16:10 | 09369540157 | Hello Pauline Anne, your document 'Student ID' has been Approved. | {"apikey":["The selected apikey is invalid."]}
2025-09-30 14:16:30 | 09811714455 | Hello Kaye Airelle, your document 'Student ID' has been Approved. | {"apikey":["The selected apikey is invalid."]}
2025-09-30 14:16:45 | 09653985217 | Hello John Michael L, your document 'Student ID' has been Approved. | {"apikey":["The selected apikey is invalid."]}
2025-09-30 14:16:54 | 09912505291 | Hello Jazmin, your document 'Student ID' has been Approved. | {"apikey":["The selected apikey is invalid."]}
2025-09-30 14:20:41 | 09939957684 | Hello Erich, your document 'Certificate of Registration' has been Approved. | {"apikey":["The selected apikey is invalid."]}
2025-09-30 14:20:49 | 09939957684 | Hello Erich, your document 'Certificate of Grades' has been Approved. | {"apikey":["The selected apikey is invalid."]}
2025-09-30 14:21:14 | 09263486187 | Hello Vianah, your document 'Certificate of Registration' has been Rejected. | {"apikey":["The selected apikey is invalid."]}
2025-09-30 14:21:20 | 09473688676 | Hello Franz Mariella, your document 'Certificate of Grades' has been Rejected. | {"apikey":["The selected apikey is invalid."]}
2025-09-30 14:21:29 | 09657732512 | Hello Angela, your document 'Certificate of Grades' has been Approved. | {"apikey":["The selected apikey is invalid."]}
2025-09-30 14:21:36 | 09397183859 | Hello Kevin Jurgen, your document 'Student ID' has been Approved. | {"apikey":["The selected apikey is invalid."]}
2025-09-30 14:21:48 | 09937014913 | Hello Kent Daniel, your document 'Certificate of Registration' has been Approved. | {"apikey":["The selected apikey is invalid."]}
2025-09-30 14:21:55 | 09937014913 | Hello Kent Daniel, your document 'Student ID' has been Approved. | {"apikey":["The selected apikey is invalid."]}
2025-09-30 14:22:02 | 09554101140 | Hello Jamaica, your document 'Student ID' has been Approved. | {"apikey":["The selected apikey is invalid."]}
2025-09-30 14:23:27 | 09939957684 | Hello Erich, your document 'Student ID' has been Approved. | {"apikey":["The selected apikey is invalid."]}
2025-09-30 14:23:41 | 09263486187 | Hello Vianah, your document 'Student ID' has been Rejected. | {"apikey":["The selected apikey is invalid."]}
2025-09-30 14:23:48 | 09397183859 | Hello Kevin Jurgen, your document 'Certificate of Registration' has been Approved. | {"apikey":["The selected apikey is invalid."]}
2025-09-30 14:23:53 | 09397183859 | Hello Kevin Jurgen, your document 'Certificate of Grades' has been Approved. | {"apikey":["The selected apikey is invalid."]}
2025-09-30 14:24:01 | 09197716426 | Hello Antonette, your document 'Student ID' has been Approved. | {"apikey":["The selected apikey is invalid."]}
2025-09-30 14:24:09 | 09369540157 | Hello Pauline Anne, your document 'Certificate of Registration' has been Rejected. | {"apikey":["The selected apikey is invalid."]}
2025-09-30 14:24:20 | 09811714455 | Hello Kaye Airelle, your document 'Certificate of Registration' has been Approved. | {"apikey":["The selected apikey is invalid."]}
2025-09-30 14:24:29 | 09937014913 | Hello Kent Daniel, your document 'Certificate of Grades' has been Rejected. | {"apikey":["The selected apikey is invalid."]}
2025-09-30 14:24:41 | 09946061021 | Hello Percimae, your document 'Certificate of Registration' has been Approved. | {"apikey":["The selected apikey is invalid."]}
2025-09-30 14:24:46 | 09946061021 | Hello Percimae, your document 'Certificate of Grades' has been Approved. | {"apikey":["The selected apikey is invalid."]}
2025-09-30 14:25:00 | 09912505291 | Hello Jazmin, your document 'Certificate of Registration' has been Approved. | {"apikey":["The selected apikey is invalid."]}
2025-09-30 14:25:09 | 09554101140 | Hello Jamaica, your document 'Certificate of Grades' has been Approved. | {"apikey":["The selected apikey is invalid."]}
2025-09-30 14:25:15 | 09554101140 | Hello Jamaica, your document 'Certificate of Registration' has been Approved. | {"apikey":["The selected apikey is invalid."]}
2025-09-30 14:25:24 | 09912505291 | Hello Jazmin, your document 'Certificate of Grades' has been Approved. | {"apikey":["The selected apikey is invalid."]}
2025-09-30 14:25:30 | 09653985217 | Hello John Michael L, your document 'Certificate of Registration' has been Approved. | {"apikey":["The selected apikey is invalid."]}
2025-09-30 14:25:37 | 09366713413 | Hello Nikka Mae, your document 'Student ID' has been Approved. | {"apikey":["The selected apikey is invalid."]}
2025-09-30 14:25:54 | 09265655986 | Hello Kim Eduard, your document 'Certificate of Registration' has been Approved. | {"apikey":["The selected apikey is invalid."]}
2025-09-30 14:26:18 | 09751386732 | Hello Michael, your document 'Certificate of Grades' has been Approved. | {"apikey":["The selected apikey is invalid."]}
2025-09-30 14:26:37 | 09365553023 | Hello Maiky, your document 'Certificate of Registration' has been Approved. | {"apikey":["The selected apikey is invalid."]}
2025-09-30 14:26:45 | 09365553023 | Hello Maiky, your document 'Certificate of Grades' has been Rejected. | {"apikey":["The selected apikey is invalid."]}
2025-09-30 14:27:06 | 09946061021 | Hello Percimae, your document 'Student ID' has been Approved. | {"apikey":["The selected apikey is invalid."]}
2025-09-30 14:27:19 | 09366713413 | Hello Nikka Mae, your document 'Certificate of Registration' has been Rejected. | {"apikey":["The selected apikey is invalid."]}
2025-09-30 14:31:03 | 09366713413 | Hello Nikka Mae, your document 'Certificate of Grades' has been Rejected. | {"apikey":["The selected apikey is invalid."]}
2025-09-30 14:31:09 | 09653985217 | Hello John Michael L, your document 'Certificate of Grades' has been Rejected. | {"apikey":["The selected apikey is invalid."]}
2025-09-30 14:31:15 | 09265655986 | Hello Kim Eduard, your document 'Student ID' has been Rejected. | {"apikey":["The selected apikey is invalid."]}
2025-09-30 14:31:20 | 09457132158 | Hello Althea, your document 'Certificate of Grades' has been Rejected. | {"apikey":["The selected apikey is invalid."]}
2025-09-30 14:31:27 | 09751386732 | Hello Michael, your document 'Student ID' has been Approved. | {"apikey":["The selected apikey is invalid."]}
2025-09-30 14:31:46 | 09365553023 | Hello Maiky, your document 'Student ID' has been Approved. | {"apikey":["The selected apikey is invalid."]}
2025-09-30 14:32:01 | 09457132158 | Hello Althea, your document 'Student ID' has been Approved. | {"apikey":["The selected apikey is invalid."]}
2025-09-30 14:32:10 | 09751386732 | Hello Michael, your document 'Certificate of Registration' has been Approved. | {"apikey":["The selected apikey is invalid."]}
2025-09-30 14:40:15 | 09095599570 | Hello Junior, your document 'Certificate of Registration' has been Approved. | {"apikey":["The selected apikey is invalid."]}
2025-09-30 14:40:31 | 09457132158 | Hello Althea, your document 'Certificate of Registration' has been Approved. | {"apikey":["The selected apikey is invalid."]}
2025-09-30 15:35:29 | 09121233591 | Hello Abby Rose, your document 'Certificate of Grades' has been Approved. | {"apikey":["The selected apikey is invalid."]}
2025-09-30 15:35:32 | 09121233591 | Hello Abby Rose, your document 'Certificate of Registration' has been Approved. | {"apikey":["The selected apikey is invalid."]}
2025-09-30 15:35:36 | 09121233591 | Hello Abby Rose, your document 'Student ID' has been Approved. | {"apikey":["The selected apikey is invalid."]}
2025-09-30 15:38:19 | 09919199126 | Hello Kyla Marie, your document 'Student ID' has been Approved. | {"apikey":["The selected apikey is invalid."]}
2025-09-30 15:38:21 | 09919199126 | Hello Kyla Marie, your document 'Certificate of Grades' has been Approved. | {"apikey":["The selected apikey is invalid."]}
2025-09-30 15:38:23 | 09095599570 | Hello Junior, your document 'Student ID' has been Approved. | {"apikey":["The selected apikey is invalid."]}
2025-10-01 03:58:55 | 09677404763 | Hello Ranquel, your document 'Student ID' has been Approved. | {"apikey":["The selected apikey is invalid."]}
2025-10-01 03:59:04 | 09677404763 | Hello Ranquel, your document 'Certificate of Registration' has been Approved. | {"apikey":["The selected apikey is invalid."]}
2025-10-01 03:59:11 | 09677404763 | Hello Ranquel, your document 'Certificate of Grades' has been Approved. | {"apikey":["The selected apikey is invalid."]}
2025-10-01 03:59:18 | 09168606374 | Hello Shane Aira, your document 'Student ID' has been Approved. | {"apikey":["The selected apikey is invalid."]}
2025-10-01 03:59:24 | 09168606374 | Hello Shane Aira, your document 'Certificate of Registration' has been Approved. | {"apikey":["The selected apikey is invalid."]}
2025-10-01 03:59:31 | 09168606374 | Hello Shane Aira, your document 'Certificate of Grades' has been Approved. | {"apikey":["The selected apikey is invalid."]}
2025-10-01 03:59:45 | 09481473488 | Hello Sharina, your document 'Student ID' has been Approved. | {"apikey":["The selected apikey is invalid."]}
2025-10-01 03:59:51 | 09919491178 | Hello Zara, your document 'Student ID' has been Approved. | {"apikey":["The selected apikey is invalid."]}
2025-10-01 03:59:58 | 09919491178 | Hello Zara, your document 'Certificate of Registration' has been Approved. | {"apikey":["The selected apikey is invalid."]}
2025-10-01 04:00:05 | 09919491178 | Hello Zara, your document 'Certificate of Grades' has been Approved. | {"apikey":["The selected apikey is invalid."]}
2025-10-01 04:00:20 | 09653347139 | Hello Angel Ann, your document 'Certificate of Grades' has been Approved. | {"apikey":["The selected apikey is invalid."]}
2025-10-01 04:00:26 | 09481473488 | Hello Sharina, your document 'Certificate of Grades' has been Approved. | {"apikey":["The selected apikey is invalid."]}
2025-10-01 04:00:31 | 09653347139 | Hello Angel Ann, your document 'Student ID' has been Approved. | {"apikey":["The selected apikey is invalid."]}
2025-10-01 04:00:41 | 09653347139 | Hello Angel Ann, your document 'Certificate of Registration' has been Approved. | {"apikey":["The selected apikey is invalid."]}
2025-10-01 04:00:47 | 09567812345 | Hello Rodolfo, your document 'Student ID' has been Rejected. | {"apikey":["The selected apikey is invalid."]}
2025-10-01 04:00:52 | 09937014913 | Hello Kent Daniel, your document 'Certificate of Grades' has been Rejected. | {"apikey":["The selected apikey is invalid."]}
2025-10-01 04:00:54 | 09365553023 | Hello Maiky, your document 'Certificate of Grades' has been Rejected. | {"apikey":["The selected apikey is invalid."]}
2025-10-01 04:01:05 | 09977957160 | Hello Precious, your document 'Student ID' has been Approved. | {"apikey":["The selected apikey is invalid."]}
2025-10-01 04:01:11 | 09977957160 | Hello Precious, your document 'Certificate of Registration' has been Approved. | {"apikey":["The selected apikey is invalid."]}
2025-10-01 04:01:16 | 09629877148 | Hello Princes Mary, your document 'Student ID' has been Approved. | {"apikey":["The selected apikey is invalid."]}
2025-10-01 04:01:23 | 09629877148 | Hello Princes Mary, your document 'Certificate of Registration' has been Approved. | {"apikey":["The selected apikey is invalid."]}
2025-10-01 04:01:29 | 09197716426 | Hello Antonette, your document 'Certificate of Grades' has been Approved. | {"apikey":["The selected apikey is invalid."]}
2025-10-01 04:01:36 | 09629877148 | Hello Princes Mary, your document 'Certificate of Grades' has been Approved. | {"apikey":["The selected apikey is invalid."]}
2025-10-01 04:01:43 | 09657583903 | Hello Bernadette, your document 'Student ID' has been Approved. | {"apikey":["The selected apikey is invalid."]}
2025-10-01 04:01:49 | 09657583903 | Hello Bernadette, your document 'Certificate of Registration' has been Approved. | {"apikey":["The selected apikey is invalid."]}
2025-10-01 04:01:56 | 09657583903 | Hello Bernadette, your document 'Certificate of Grades' has been Approved. | {"apikey":["The selected apikey is invalid."]}
2025-10-01 04:02:29 | 09481473488 | Hello Sharina, your document 'Certificate of Registration' has been Rejected. | {"apikey":["The selected apikey is invalid."]}
2025-10-01 23:38:21 | 09974650290 | Hello Roldan, your document 'Student ID' has been Approved. | {"apikey":["The selected apikey is invalid."]}
2025-10-01 23:38:31 | 09974650290 | Hello Roldan, your document 'Certificate of Registration' has been Approved. | {"apikey":["The selected apikey is invalid."]}
2025-10-01 23:38:39 | 09974650290 | Hello Roldan, your document 'Certificate of Grades' has been Approved. | {"apikey":["The selected apikey is invalid."]}
2025-10-01 23:38:50 | 09636796102 | Hello Joshua, your document 'Student ID' has been Approved. | {"apikey":["The selected apikey is invalid."]}
2025-10-01 23:38:56 | 09636796102 | Hello Joshua, your document 'Certificate of Registration' has been Approved. | {"apikey":["The selected apikey is invalid."]}
2025-10-01 23:39:03 | 09619568272 | Hello Johann, your document 'Student ID' has been Approved. | {"apikey":["The selected apikey is invalid."]}
2025-10-01 23:39:09 | 09619568272 | Hello Johann, your document 'Certificate of Registration' has been Approved. | {"apikey":["The selected apikey is invalid."]}
2025-10-01 23:39:21 | 09619568272 | Hello Johann, your document 'Certificate of Grades' has been Approved. | {"apikey":["The selected apikey is invalid."]}
2025-10-02 11:52:28 | 09058606211 | Hello Mary Jane Lauron, your document 'Student ID' has been Approved. | {"apikey":["The selected apikey is invalid."]}
2025-10-02 11:52:36 | 09058606211 | Hello Mary Jane Lauron, your document 'Certificate of Registration' has been Approved. | {"apikey":["The selected apikey is invalid."]}
2025-10-02 11:52:43 | 09058606211 | Hello Mary Jane Lauron, your document 'Certificate of Grades' has been Approved. | {"apikey":["The selected apikey is invalid."]}
2025-10-03 10:49:01 | 09685528104 | Hello Christine, your document 'Certificate of Grades' has been Approved. | {"apikey":["The selected apikey is invalid."]} | 
2025-10-03 10:49:03 | 09685528104 | Hello Christine, your document 'Certificate of Registration' has been Approved. | {"apikey":["The selected apikey is invalid."]} | 
2025-10-03 10:49:07 | 09685528104 | Hello Christine, your document 'Student ID' has been Approved. | {"apikey":["The selected apikey is invalid."]} | 
2025-10-03 10:49:55 | 09941907288 | Hello Maria Isabel, your document 'Student ID' has been Approved. | {"apikey":["The selected apikey is invalid."]} | 
2025-10-03 10:49:55 | 09941907288 | Hello Maria Isabel, your document 'Certificate of Registration' has been Approved. | {"apikey":["The selected apikey is invalid."]} | 
2025-10-03 10:49:55 | 09941907288 | Hello Maria Isabel, your document 'Certificate of Grades' has been Approved. | {"apikey":["The selected apikey is invalid."]} | 
2025-10-03 11:30:14 | 09365553023 | Hello Maiky, your document 'Certificate of Grades' has been Approved. | {"apikey":["The selected apikey is invalid."]} | 
2025-10-03 11:30:14 | 09919199126 | Hello Kyla Marie, your document 'Certificate of Grades' has been Approved. | {"apikey":["The selected apikey is invalid."]} | 
2025-10-03 11:30:14 | 09919199126 | Hello Kyla Marie, your document 'Student ID' has been Approved. | {"apikey":["The selected apikey is invalid."]} | 
2025-10-03 11:30:14 | 09481473488 | Hello Sharina, your document 'Certificate of Registration' has been Approved. | {"apikey":["The selected apikey is invalid."]} | 
2025-10-03 11:30:14 | 09687697415 | Hello John Mark, your document 'Student ID' has been Approved. | {"apikey":["The selected apikey is invalid."]} | 
2025-10-03 11:30:14 | 09687697415 | Hello John Mark, your document 'Certificate of Grades' has been Approved. | {"apikey":["The selected apikey is invalid."]} | 
2025-10-03 11:30:14 | 09687697415 | Hello John Mark, your document 'Certificate of Registration' has been Approved. | {"apikey":["The selected apikey is invalid."]} | 
2025-10-03 11:30:15 | 09977380859 | Hello Landher, your document 'Certificate of Grades' has been Approved. | {"apikey":["The selected apikey is invalid."]} | 
2025-10-03 11:30:15 | 09977380859 | Hello Landher, your document 'Certificate of Registration' has been Approved. | {"apikey":["The selected apikey is invalid."]} | 
2025-10-03 11:30:15 | 09977380859 | Hello Landher, your document 'Student ID' has been Approved. | {"apikey":["The selected apikey is invalid."]} | 
2025-10-03 11:30:15 | 09974873698 | Hello John Hendrick, your document 'Certificate of Registration' has been Approved. | {"apikey":["The selected apikey is invalid."]} | 
2025-10-03 11:30:15 | 09974873698 | Hello John Hendrick, your document 'Student ID' has been Approved. | {"apikey":["The selected apikey is invalid."]} | 
2025-10-03 11:30:15 | 09936681710 | Hello Bianca, your document 'Certificate of Grades' has been Approved. | {"apikey":["The selected apikey is invalid."]} | 
2025-10-03 11:30:15 | 09936681710 | Hello Bianca, your document 'Certificate of Registration' has been Approved. | {"apikey":["The selected apikey is invalid."]} | 
2025-10-03 11:30:15 | 09936681710 | Hello Bianca, your document 'Student ID' has been Approved. | {"apikey":["The selected apikey is invalid."]} | 
2025-10-03 11:30:15 | 09266220638 | Hello Pauline Alexa Marie, your document 'Certificate of Grades' has been Approved. | {"apikey":["The selected apikey is invalid."]} | 
2025-10-03 11:30:16 | 09266220638 | Hello Pauline Alexa Marie, your document 'Certificate of Registration' has been Approved. | {"apikey":["The selected apikey is invalid."]} | 
2025-10-03 11:30:16 | 09266220638 | Hello Pauline Alexa Marie, your document 'Student ID' has been Approved. | {"apikey":["The selected apikey is invalid."]} | 
2025-10-03 11:30:16 | 09657530879 | Hello Ma. Princess Iyah, your document 'Certificate of Grades' has been Approved. | {"apikey":["The selected apikey is invalid."]} | 
2025-10-03 11:30:16 | 09657530879 | Hello Ma. Princess Iyah, your document 'Certificate of Registration' has been Approved. | {"apikey":["The selected apikey is invalid."]} | 
2025-10-03 11:30:16 | 09657530879 | Hello Ma. Princess Iyah, your document 'Student ID' has been Approved. | {"apikey":["The selected apikey is invalid."]} | 
2025-10-03 11:30:32 | 09514353567 | Hello Kim, your document 'Student ID' has been Approved. | {"apikey":["The selected apikey is invalid."]} | 
2025-10-03 11:55:48 | 09550592220 | Hello Dacillo, your document 'Student ID' has been Rejected. | {"apikey":["The selected apikey is invalid."]} | 
2025-10-03 12:06:01 | 09754062285 | Hello Rosalyn, your document 'Certificate of Grades' has been Approved. | {"apikey":["The selected apikey is invalid."]} | 
2025-10-03 12:06:04 | 09754062285 | Hello Rosalyn, your document 'Certificate of Registration' has been Approved. | {"apikey":["The selected apikey is invalid."]} | 
2025-10-03 12:06:14 | 09754062285 | Hello Rosalyn, your document 'Student ID' has been Approved. | {"apikey":["The selected apikey is invalid."]} | 
2025-10-03 13:51:27 | 09187406644 | Hello Jerzi Mielle, your document 'Student ID' has been Rejected. | {"apikey":["The selected apikey is invalid."]} | 
2025-10-03 13:53:46 | 09937014913 | Hello Kent Daniel, your document 'Certificate of Grades' has been Approved. | {"apikey":["The selected apikey is invalid."]} | 
2025-10-03 13:53:46 | 09919199126 | Hello Kyla Marie, your document 'Certificate of Grades' has been Approved. | {"apikey":["The selected apikey is invalid."]} | 
2025-10-03 13:53:46 | 09919199126 | Hello Kyla Marie, your document 'Certificate of Registration' has been Approved. | {"apikey":["The selected apikey is invalid."]} | 
2025-10-03 13:53:47 | 09919199126 | Hello Kyla Marie, your document 'Student ID' has been Approved. | {"apikey":["The selected apikey is invalid."]} | 
2025-10-03 13:53:47 | 09550592220 | Hello Dacillo, your document 'Student ID' has been Approved. | {"apikey":["The selected apikey is invalid."]} | 
2025-10-03 13:53:47 | 09915445828 | Hello Lance Andrei, your document 'Certificate of Grades' has been Approved. | {"apikey":["The selected apikey is invalid."]} | 
2025-10-03 13:53:47 | 09939954924 | Hello Christy, your document 'Certificate of Grades' has been Approved. | {"apikey":["The selected apikey is invalid."]} | 
2025-10-03 13:53:47 | 09939954924 | Hello Christy, your document 'Certificate of Registration' has been Approved. | {"apikey":["The selected apikey is invalid."]} | 
2025-10-03 13:53:47 | 09939954924 | Hello Christy, your document 'Student ID' has been Approved. | {"apikey":["The selected apikey is invalid."]} | 
2025-10-03 13:53:47 | 09066359785 | Hello Shiela, your document 'Certificate of Registration' has been Approved. | {"apikey":["The selected apikey is invalid."]} | 
2025-10-03 13:53:47 | 09066359785 | Hello Shiela, your document 'Student ID' has been Approved. | {"apikey":["The selected apikey is invalid."]} | 
2025-10-03 13:53:47 | 09066359785 | Hello Shiela, your document 'Certificate of Grades' has been Approved. | {"apikey":["The selected apikey is invalid."]} | 
2025-10-04 06:57:12 | 09915445828 | Hello Lance Andrei, your document 'Student ID' has been Rejected. | {"apikey":["The selected apikey is invalid."]} | 
2025-10-04 06:57:15 | 09915445828 | Hello Lance Andrei, your document 'Certificate of Registration' has been Rejected. | {"apikey":["The selected apikey is invalid."]} | 
2025-10-04 06:57:27 | 09539201315 | Hello Carl Emmanuel, your document 'Certificate of Grades' has been Approved. | {"apikey":["The selected apikey is invalid."]} | 
2025-10-04 06:57:29 | 09539201315 | Hello Carl Emmanuel, your document 'Student ID' has been Approved. | {"apikey":["The selected apikey is invalid."]} | 
2025-10-04 06:57:32 | 09539201315 | Hello Carl Emmanuel, your document 'Certificate of Registration' has been Approved. | {"apikey":["The selected apikey is invalid."]} | 
2025-10-06 15:12:48 | 09632085678 | Hello Janice, your document 'Certificate of Grades' has been Approved. | {"apikey":["The selected apikey is invalid."]} | 
2025-10-06 15:12:48 | 09632085678 | Hello Janice, your document 'Certificate of Registration' has been Approved. | {"apikey":["The selected apikey is invalid."]} | 
2025-10-06 15:12:48 | 09632085678 | Hello Janice, your document 'Student ID' has been Approved. | {"apikey":["The selected apikey is invalid."]} | 
2025-10-07 09:05:44 | 09613972634 | Hello Danica, your document 'Student ID' has been Approved. | {"apikey":["The selected apikey is invalid."]} | 
2025-10-07 09:05:44 | 09613972634 | Hello Danica, your document 'Certificate of Registration' has been Approved. | {"apikey":["The selected apikey is invalid."]} | 
2025-10-07 09:05:44 | 09613972634 | Hello Danica, your document 'Certificate of Grades' has been Approved. | {"apikey":["The selected apikey is invalid."]} | 
2025-10-09 11:35:29 | 09366713413 | Hello Nikka Mae, your document 'Certificate of Grades' has been Approved. | {"apikey":["The selected apikey is invalid."]} | 
2025-10-09 11:35:29 | 09366713413 | Hello Nikka Mae, your document 'Certificate of Registration' has been Approved. | {"apikey":["The selected apikey is invalid."]} | 
2025-10-09 11:35:29 | 09657534734 | Hello Verna, your document 'Certificate of Registration' has been Approved. | {"apikey":["The selected apikey is invalid."]} | 
2025-10-09 11:35:29 | 09657534734 | Hello Verna, your document 'Student ID' has been Approved. | {"apikey":["The selected apikey is invalid."]} | 
2025-10-18 10:18:56 | 09550592220 | Hello Dacillo, your document 'Certificate of Grades' has been Approved. | {"apikey":["The selected apikey is invalid."]} | 
2025-10-18 10:18:59 | 09550592220 | Hello Dacillo, your document 'Certificate of Registration' has been Approved. | {"apikey":["The selected apikey is invalid."]} | 
2025-10-18 10:19:49 | 09187406644 | Hello Jerzi Mielle, your document 'Certificate of Grades' has been Rejected. | {"apikey":["The selected apikey is invalid."]} | 
2025-10-18 10:19:53 | 09187406644 | Hello Jerzi Mielle, your document 'Certificate of Registration' has been Rejected. | {"apikey":["The selected apikey is invalid."]} | 
2025-10-18 10:19:56 | 09187406644 | Hello Jerzi Mielle, your document 'Student ID' has been Rejected. | {"apikey":["The selected apikey is invalid."]} | 
2025-10-18 14:57:57 | 09977957160 | Hello Precious, your document 'Certificate of Grades' has been Approved. | {"apikey":["The selected apikey is invalid."]} | 
2025-10-18 14:58:00 | 09514353567 | Hello Kim, your document 'Certificate of Grades' has been Approved. | {"apikey":["The selected apikey is invalid."]} | 
2025-10-18 14:58:03 | 09514353567 | Hello Kim, your document 'Certificate of Registration' has been Approved. | {"apikey":["The selected apikey is invalid."]} | 
2025-10-18 14:58:06 | 09553902610 | Hello Hazel Anne, your document 'Certificate of Grades' has been Approved. | {"apikey":["The selected apikey is invalid."]} | 
2025-10-18 14:58:09 | 09553902610 | Hello Hazel Anne, your document 'Certificate of Registration' has been Approved. | {"apikey":["The selected apikey is invalid."]} | 
2025-10-18 14:58:12 | 09553902610 | Hello Hazel Anne, your document 'Student ID' has been Approved. | {"apikey":["The selected apikey is invalid."]} | 
2025-10-18 14:58:15 | 09658916708 | Hello Angelica, your document 'Certificate of Grades' has been Approved. | {"apikey":["The selected apikey is invalid."]} | 
2025-10-18 14:58:19 | 09658916708 | Hello Angelica, your document 'Certificate of Registration' has been Approved. | {"apikey":["The selected apikey is invalid."]} | 
2025-10-18 14:58:22 | 09658916708 | Hello Angelica, your document 'Student ID' has been Approved. | {"apikey":["The selected apikey is invalid."]} | 
2025-10-18 14:58:25 | 09975274956 | Hello Mikyla Rose, your document 'Certificate of Registration' has been Approved. | {"apikey":["The selected apikey is invalid."]} | 
2025-10-18 14:58:27 | 09975274956 | Hello Mikyla Rose, your document 'Certificate of Grades' has been Approved. | {"apikey":["The selected apikey is invalid."]} | 
2025-10-18 14:58:30 | 09975274956 | Hello Mikyla Rose, your document 'Student ID' has been Approved. | {"apikey":["The selected apikey is invalid."]} | 
2025-10-18 14:58:46 | 09974873698 | Hello John Hendrick, your document 'Certificate of Grades' has been Rejected. | {"apikey":["The selected apikey is invalid."]} | 
2025-10-19 12:45:32 | 09091234567 | Hello Karlov, your document 'Certificate of Grades' has been Rejected. | {"apikey":["The selected apikey is invalid."]} | 
2025-10-19 12:45:35 | 09091234567 | Hello Karlov, your document 'Student ID' has been Rejected. | {"apikey":["The selected apikey is invalid."]} | 
2025-10-24 23:59:48 | 09369540157 | Hello Pauline Anne, your document 'Certificate of Registration' has been Rejected. | {"apikey":["The selected apikey is invalid."]} | 
2025-10-24 23:59:58 | 09458513143 | Hello Lyka Vaness, your document 'Certificate of Registration' has been Rejected. | {"apikey":["The selected apikey is invalid."]} | 
2025-10-25 00:00:01 | 09458513143 | Hello Lyka Vaness, your document 'Certificate of Grades' has been Rejected. | {"apikey":["The selected apikey is invalid."]} | 
2025-11-30 15:55:02 | 09091234567 | Hello Karlov, your document 'Certificate of Grades' has been Approved. | {"apikey":["The selected apikey is invalid."]} | 
2025-12-02 05:40:23 | 09556622460 | Hello Errol, your document 'Certificate of Grades' has been Rejected. | {"apikey":["The selected apikey is invalid."]} | 
